{"/Users/felipejeanfrancopalominosotelo/Desktop/React/02-first-steps/src/FirstStepsApp.tsx": {"path":"/Users/felipejeanfrancopalominosotelo/Desktop/React/02-first-steps/src/FirstStepsApp.tsx","statementMap":{"0":{"start":{"line":8,"column":34},"end":{"line":12,"column":null}},"1":{"start":{"line":15,"column":4},"end":{"line":21,"column":null}},"2":{"start":{"line":20,"column":60},"end":{"line":21,"column":null}}},"fnMap":{"0":{"name":"FirstStepsApp","decl":{"start":{"line":14,"column":16},"end":{"line":14,"column":null}},"loc":{"start":{"line":14,"column":16},"end":{"line":31,"column":null}},"line":14},"1":{"name":"(anonymous_1)","decl":{"start":{"line":20,"column":36},"end":{"line":20,"column":37}},"loc":{"start":{"line":20,"column":60},"end":{"line":21,"column":null}},"line":20}},"branchMap":{},"s":{"0":1,"1":3,"2":9},"f":{"0":3,"1":9},"b":{},"meta":{"lastBranch":0,"lastFunction":2,"lastStatement":3,"seen":{"s:8:34:12:Infinity":0,"f:14:16:14:Infinity":0,"s:15:4:21:Infinity":1,"f:20:36:20:37":1,"s:20:60:21:Infinity":2}}}
,"/Users/felipejeanfrancopalominosotelo/Desktop/React/02-first-steps/src/MyAwesomeApp.tsx": {"path":"/Users/felipejeanfrancopalominosotelo/Desktop/React/02-first-steps/src/MyAwesomeApp.tsx","statementMap":{"0":{"start":{"line":3,"column":22},"end":{"line":3,"column":null}},"1":{"start":{"line":4,"column":21},"end":{"line":4,"column":null}},"2":{"start":{"line":6,"column":26},"end":{"line":6,"column":null}},"3":{"start":{"line":7,"column":21},"end":{"line":7,"column":null}},"4":{"start":{"line":9,"column":20},"end":{"line":12,"column":null}},"5":{"start":{"line":14,"column":36},"end":{"line":19,"column":null}},"6":{"start":{"line":22,"column":4},"end":{"line":34,"column":null}}},"fnMap":{"0":{"name":"MyAwesomeApp","decl":{"start":{"line":21,"column":16},"end":{"line":21,"column":null}},"loc":{"start":{"line":21,"column":16},"end":{"line":37,"column":null}},"line":21}},"branchMap":{"0":{"loc":{"start":{"line":16,"column":34},"end":{"line":16,"column":null}},"type":"cond-expr","locations":[{"start":{"line":16,"column":45},"end":{"line":16,"column":49}},{"start":{"line":16,"column":49},"end":{"line":16,"column":null}}],"line":16},"1":{"loc":{"start":{"line":30,"column":17},"end":{"line":30,"column":null}},"type":"cond-expr","locations":[{"start":{"line":30,"column":28},"end":{"line":30,"column":39}},{"start":{"line":30,"column":39},"end":{"line":30,"column":null}}],"line":30}},"s":{"0":1,"1":1,"2":1,"3":1,"4":1,"5":1,"6":3},"f":{"0":3},"b":{"0":[0,1],"1":[0,3]},"meta":{"lastBranch":2,"lastFunction":1,"lastStatement":7,"seen":{"s:3:22:3:Infinity":0,"s:4:21:4:Infinity":1,"s:6:26:6:Infinity":2,"s:7:21:7:Infinity":3,"s:9:20:12:Infinity":4,"s:14:36:19:Infinity":5,"b:16:45:16:49:16:49:16:Infinity":0,"f:21:16:21:Infinity":0,"s:22:4:34:Infinity":6,"b:30:28:30:39:30:39:30:Infinity":1}}}
,"/Users/felipejeanfrancopalominosotelo/Desktop/React/02-first-steps/src/helpers/math.helper.ts": {"path":"/Users/felipejeanfrancopalominosotelo/Desktop/React/02-first-steps/src/helpers/math.helper.ts","statementMap":{"0":{"start":{"line":1,"column":19},"end":{"line":3,"column":null}},"1":{"start":{"line":2,"column":4},"end":{"line":2,"column":null}},"2":{"start":{"line":5,"column":25},"end":{"line":7,"column":null}},"3":{"start":{"line":6,"column":4},"end":{"line":6,"column":null}},"4":{"start":{"line":9,"column":24},"end":{"line":11,"column":null}},"5":{"start":{"line":10,"column":4},"end":{"line":10,"column":null}},"6":{"start":{"line":13,"column":22},"end":{"line":15,"column":null}},"7":{"start":{"line":14,"column":4},"end":{"line":14,"column":null}}},"fnMap":{"0":{"name":"(anonymous_0)","decl":{"start":{"line":1,"column":19},"end":{"line":1,"column":20}},"loc":{"start":{"line":1,"column":30},"end":{"line":3,"column":null}},"line":1},"1":{"name":"(anonymous_1)","decl":{"start":{"line":5,"column":25},"end":{"line":5,"column":26}},"loc":{"start":{"line":5,"column":36},"end":{"line":7,"column":null}},"line":5},"2":{"name":"(anonymous_2)","decl":{"start":{"line":9,"column":24},"end":{"line":9,"column":25}},"loc":{"start":{"line":9,"column":35},"end":{"line":11,"column":null}},"line":9},"3":{"name":"(anonymous_3)","decl":{"start":{"line":13,"column":22},"end":{"line":13,"column":23}},"loc":{"start":{"line":13,"column":33},"end":{"line":15,"column":null}},"line":13}},"branchMap":{},"s":{"0":1,"1":2,"2":1,"3":2,"4":1,"5":2,"6":1,"7":1},"f":{"0":2,"1":2,"2":2,"3":1},"b":{},"meta":{"lastBranch":0,"lastFunction":4,"lastStatement":8,"seen":{"s:1:19:3:Infinity":0,"f:1:19:1:20":0,"s:2:4:2:Infinity":1,"s:5:25:7:Infinity":2,"f:5:25:5:26":1,"s:6:4:6:Infinity":3,"s:9:24:11:Infinity":4,"f:9:24:9:25":2,"s:10:4:10:Infinity":5,"s:13:22:15:Infinity":6,"f:13:22:13:23":3,"s:14:4:14:Infinity":7}}}
,"/Users/felipejeanfrancopalominosotelo/Desktop/React/02-first-steps/src/shopping-cart/ItemCounter.module.css": {"path":"/Users/felipejeanfrancopalominosotelo/Desktop/React/02-first-steps/src/shopping-cart/ItemCounter.module.css","statementMap":{},"fnMap":{},"branchMap":{},"s":{},"f":{},"b":{},"meta":{"lastBranch":0,"lastFunction":0,"lastStatement":0,"seen":{}}}
,"/Users/felipejeanfrancopalominosotelo/Desktop/React/02-first-steps/src/shopping-cart/ItemCounter.tsx": {"path":"/Users/felipejeanfrancopalominosotelo/Desktop/React/02-first-steps/src/shopping-cart/ItemCounter.tsx","statementMap":{"0":{"start":{"line":12,"column":27},"end":{"line":56,"column":null}},"1":{"start":{"line":14,"column":27},"end":{"line":14,"column":50}},"2":{"start":{"line":20,"column":22},"end":{"line":22,"column":null}},"3":{"start":{"line":21,"column":8},"end":{"line":21,"column":null}},"4":{"start":{"line":24,"column":27},"end":{"line":28,"column":null}},"5":{"start":{"line":25,"column":8},"end":{"line":25,"column":null}},"6":{"start":{"line":25,"column":25},"end":{"line":25,"column":null}},"7":{"start":{"line":27,"column":8},"end":{"line":27,"column":null}},"8":{"start":{"line":30,"column":2},"end":{"line":52,"column":null}}},"fnMap":{"0":{"name":"(anonymous_0)","decl":{"start":{"line":12,"column":27},"end":{"line":12,"column":28}},"loc":{"start":{"line":12,"column":55},"end":{"line":56,"column":null}},"line":12},"1":{"name":"(anonymous_1)","decl":{"start":{"line":20,"column":22},"end":{"line":20,"column":null}},"loc":{"start":{"line":20,"column":22},"end":{"line":22,"column":null}},"line":20},"2":{"name":"(anonymous_2)","decl":{"start":{"line":24,"column":27},"end":{"line":24,"column":null}},"loc":{"start":{"line":24,"column":27},"end":{"line":28,"column":null}},"line":24}},"branchMap":{"0":{"loc":{"start":{"line":12,"column":35},"end":{"line":12,"column":47}},"type":"default-arg","locations":[{"start":{"line":12,"column":46},"end":{"line":12,"column":47}}],"line":12},"1":{"loc":{"start":{"line":25,"column":8},"end":{"line":25,"column":null}},"type":"if","locations":[{"start":{"line":25,"column":8},"end":{"line":25,"column":null}},{"start":{},"end":{}}],"line":25},"2":{"loc":{"start":{"line":43,"column":23},"end":{"line":43,"column":null}},"type":"cond-expr","locations":[{"start":{"line":43,"column":37},"end":{"line":43,"column":45}},{"start":{"line":43,"column":45},"end":{"line":43,"column":null}}],"line":43}},"s":{"0":1,"1":9,"2":9,"3":1,"4":9,"5":2,"6":1,"7":1,"8":9},"f":{"0":9,"1":1,"2":2},"b":{"0":[9],"1":[1,1],"2":[4,5]},"meta":{"lastBranch":3,"lastFunction":3,"lastStatement":9,"seen":{"s:12:27:56:Infinity":0,"f:12:27:12:28":0,"b:12:46:12:47":0,"s:14:27:14:50":1,"s:20:22:22:Infinity":2,"f:20:22:20:Infinity":1,"s:21:8:21:Infinity":3,"s:24:27:28:Infinity":4,"f:24:27:24:Infinity":2,"b:25:8:25:Infinity:undefined:undefined:undefined:undefined":1,"s:25:8:25:Infinity":5,"s:25:25:25:Infinity":6,"s:27:8:27:Infinity":7,"s:30:2:52:Infinity":8,"b:43:37:43:45:43:45:43:Infinity":2}}}
}
